This is e-pTeX, Version 3.14159265-p3.7.2-170924-2.6 (utf8.sjis) (TeX Live 2017/W32TeX) (preloaded format=platex 2017.12.1)  8 JAN 2018 01:14
entering extended mode
 restricted \write18 enabled.
 %&-line parsing enabled.
**./honron.tex
(./honron.tex
pLaTeX2e <2017/10/28>+2 (based on LaTeX2e <2017-04-15>)
Babel <3.15> and hyphenation patterns for 84 language(s) loaded.
(c:/w32tex/share/texmf-dist/tex/platex/base/jarticle.cls
Document Class: jarticle 2017/09/19 v1.7g Standard pLaTeX class
\c@@paper=\count82
(c:/w32tex/share/texmf-dist/tex/platex/base/jsize11.clo
File: jsize11.clo 2017/09/19 v1.7g Standard pLaTeX file (size option)
)
\c@part=\count83
\c@section=\count84
\c@subsection=\count85
\c@subsubsection=\count86
\c@paragraph=\count87
\c@subparagraph=\count88
\c@figure=\count89
\c@table=\count90
\abovecaptionskip=\skip41
\belowcaptionskip=\skip42
\symmincho=\mathgroup4
LaTeX Font Info:    Overwriting symbol font `mincho' in version `bold'
(Font)                  JY1/mc/m/n --> JY1/gt/m/n on input line 613.
\toclineskip=\dimen118
\@lnumwidth=\dimen119
\bibindent=\dimen120
\heisei=\count91
)
(c:/w32tex/share/texmf-dist/tex/latex/graphics/graphicx.sty
Package: graphicx 2017/06/01 v1.1a Enhanced LaTeX Graphics (DPC,SPQR)

(c:/w32tex/share/texmf-dist/tex/latex/graphics/keyval.sty
Package: keyval 2014/10/28 v1.15 key=value parser (DPC)
\KV@toks@=\toks15
)
(c:/w32tex/share/texmf-dist/tex/latex/graphics/graphics.sty
Package: graphics 2017/06/25 v1.2c Standard LaTeX Graphics (DPC,SPQR)

(c:/w32tex/share/texmf-dist/tex/latex/graphics/trig.sty
Package: trig 2016/01/03 v1.10 sin cos tan (DPC)
)
(c:/w32tex/share/texmf-dist/tex/latex/graphics-cfg/graphics.cfg
File: graphics.cfg 2016/06/04 v1.11 sample graphics configuration
)
Package graphics Info: Driver file: dvipdfmx.def on input line 99.

(c:/w32tex/share/texmf-dist/tex/latex/graphics-def/dvipdfmx.def
File: dvipdfmx.def 2017/06/24 v5.0g Graphics/color driver for dvipdfmx
))
\Gin@req@height=\dimen121
\Gin@req@width=\dimen122
)
(c:/w32tex/share/texmf-dist/tex/latex/here/here.sty)
(c:/w32tex/share/texmf-dist/tex/latex/float/float.sty
Package: float 2001/11/08 v1.3d Float enhancements (AL)
\c@float@type=\count92
\float@exts=\toks16
\float@box=\box42
\@float@everytoks=\toks17
\@floatcapt=\box43
)
(c:/w32tex/share/texmf-dist/tex/latex/tools/theorem.sty
Package: theorem 2014/10/28 v2.2c Theorem extension package (FMi)
\theorem@style=\toks18
\theorem@bodyfont=\toks19
\theorempreskipamount=\skip43
\theorempostskipamount=\skip44

(c:/w32tex/share/texmf-dist/tex/latex/tools/thp.sty
File: thp.sty 2014/10/28 v2.2c Theorem extension package (FMi)
))
(c:/w32tex/share/texmf-dist/tex/latex/amsmath/amsmath.sty
Package: amsmath 2017/09/02 v2.17a AMS math features
\@mathmargin=\skip45

For additional information on amsmath, use the `?' option.
(c:/w32tex/share/texmf-dist/tex/latex/amsmath/amstext.sty
Package: amstext 2000/06/29 v2.01 AMS text

(c:/w32tex/share/texmf-dist/tex/latex/amsmath/amsgen.sty
File: amsgen.sty 1999/11/30 v2.0 generic functions
\@emptytoks=\toks20
\ex@=\dimen123
))
(c:/w32tex/share/texmf-dist/tex/latex/amsmath/amsbsy.sty
Package: amsbsy 1999/11/29 v1.2d Bold Symbols
\pmbraise@=\dimen124
)
(c:/w32tex/share/texmf-dist/tex/latex/amsmath/amsopn.sty
Package: amsopn 2016/03/08 v2.02 operator names
)
\inf@bad=\count93
LaTeX Info: Redefining \frac on input line 213.
\uproot@=\count94
\leftroot@=\count95
LaTeX Info: Redefining \overline on input line 375.
\classnum@=\count96
\DOTSCASE@=\count97
LaTeX Info: Redefining \ldots on input line 472.
LaTeX Info: Redefining \dots on input line 475.
LaTeX Info: Redefining \cdots on input line 596.
\Mathstrutbox@=\box44
\strutbox@=\box45
\big@size=\dimen125
LaTeX Font Info:    Redeclaring font encoding OML on input line 712.
LaTeX Font Info:    Redeclaring font encoding OMS on input line 713.
\macc@depth=\count98
\c@MaxMatrixCols=\count99
\dotsspace@=\muskip10
\c@parentequation=\count100
\dspbrk@lvl=\count101
\tag@help=\toks21
\row@=\count102
\column@=\count103
\maxfields@=\count104
\andhelp@=\toks22
\eqnshift@=\dimen126
\alignsep@=\dimen127
\tagshift@=\dimen128
\tagwidth@=\dimen129
\totwidth@=\dimen130
\lineht@=\dimen131
\@envbody=\toks23
\multlinegap=\skip46
\multlinetaggap=\skip47
\mathdisplay@stack=\toks24
LaTeX Info: Redefining \[ on input line 2817.
LaTeX Info: Redefining \] on input line 2818.
)
(c:/w32tex/share/texmf-dist/tex/latex/amsfonts/amsfonts.sty
Package: amsfonts 2013/01/14 v3.01 Basic AMSFonts support
\symAMSa=\mathgroup5
\symAMSb=\mathgroup6
LaTeX Font Info:    Overwriting math alphabet `\mathfrak' in version `bold'
(Font)                  U/euf/m/n --> U/euf/b/n on input line 106.
)
(c:/w32tex/share/texmf-dist/tex/platex/base/ascmac.sty
Package: ascmac 2017/07/22 v2.0d ascmac wrapper (community edition) 

(c:/w32tex/share/texmf-dist/tex/platex/base/tascmac.sty
Package: tascmac 2017/07/22 v2.0d ascmac package (community edition) 
\@savetbaselineshift=\dimen132
\@saveybaselineshift=\dimen133
\scb@x=\box46
\scscb@x=\box47
\@bw=\dimen134
\@nbox=\box48
\@nbody=\box49
\@scw=\dimen135
\@itemh=\dimen136
\@iboxpos=\toks25
\@iboxstr=\box50
\@bwsp=\box51
\@@bwsp=\box52
\@bcal=\count105
\shaderule=\dimen137
))
(c:/w32tex/share/texmf-dist/tex/latex/tools/bm.sty
Package: bm 2017/01/16 v1.2c Bold Symbol Support (DPC/FMi)
\symboldoperators=\mathgroup7
\symboldletters=\mathgroup8
\symboldsymbols=\mathgroup9
\symboldmincho=\mathgroup10
LaTeX Font Info:    Redeclaring math alphabet \mathbf on input line 141.
LaTeX Info: Redefining \bm on input line 207.
)
(c:/w32tex/share/texmf-dist/tex/latex/comment/comment.sty
\CommentStream=\write3

Excluding comment 'comment')
(c:/w32tex/share/texmf-dist/tex/latex/listings/listings.sty
\lst@mode=\count106
\lst@gtempboxa=\box53
\lst@token=\toks26
\lst@length=\count107
\lst@currlwidth=\dimen138
\lst@column=\count108
\lst@pos=\count109
\lst@lostspace=\dimen139
\lst@width=\dimen140
\lst@newlines=\count110
\lst@lineno=\count111
\lst@maxwidth=\dimen141

(c:/w32tex/share/texmf-dist/tex/latex/listings/lstmisc.sty
File: lstmisc.sty 2015/06/04 1.6 (Carsten Heinz)
\c@lstnumber=\count112
\lst@skipnumbers=\count113
\lst@framebox=\box54
)
(c:/w32tex/share/texmf-dist/tex/latex/listings/listings.cfg
File: listings.cfg 2015/06/04 1.6 listings configuration
))
Package: listings 2015/06/04 1.6 (Carsten Heinz)

(c:/w32tex/share/texmf-dist/tex/latex/url/url.sty
\Urlmuskip=\muskip11
Package: url 2013/09/16  ver 3.4  Verb mode for urls, etc.
)
(c:/w32tex/share/texmf-dist/tex/latex/wrapfig/wrapfig.sty
\wrapoverhang=\dimen142
\WF@size=\dimen143
\c@WF@wrappedlines=\count114
\WF@box=\box55
\WF@everypar=\toks27
Package: wrapfig 2003/01/31  v 3.6
)
(c:/w32tex/share/texmf-dist/tex/latex/natbib/natbib.sty
Package: natbib 2010/09/13 8.31b (PWD, AO)
\bibhang=\skip48
\bibsep=\skip49
LaTeX Info: Redefining \cite on input line 694.
\c@NAT@ctr=\count115
)
\c@theo=\count116
\c@defi=\count117
\c@lemm=\count118
 (./honron.aux)
\openout1 = `honron.aux'.

LaTeX Font Info:    Checking defaults for OML/cmm/m/it on input line 47.
LaTeX Font Info:    ... okay on input line 47.
LaTeX Font Info:    Checking defaults for T1/cmr/m/n on input line 47.
LaTeX Font Info:    ... okay on input line 47.
LaTeX Font Info:    Checking defaults for OT1/cmr/m/n on input line 47.
LaTeX Font Info:    ... okay on input line 47.
LaTeX Font Info:    Checking defaults for OMS/cmsy/m/n on input line 47.
LaTeX Font Info:    ... okay on input line 47.
LaTeX Font Info:    Checking defaults for OMX/cmex/m/n on input line 47.
LaTeX Font Info:    ... okay on input line 47.
LaTeX Font Info:    Checking defaults for U/cmr/m/n on input line 47.
LaTeX Font Info:    ... okay on input line 47.
LaTeX Font Info:    Checking defaults for JY1/mc/m/n on input line 47.
LaTeX Font Info:    ... okay on input line 47.
LaTeX Font Info:    Checking defaults for JT1/mc/m/n on input line 47.
LaTeX Font Info:    ... okay on input line 47.
\c@lstlisting=\count119
LaTeX Font Info:    Try loading font information for U+msa on input line 50.

(c:/w32tex/share/texmf-dist/tex/latex/amsfonts/umsa.fd
File: umsa.fd 2013/01/14 v3.01 AMS symbols A
)
LaTeX Font Info:    Try loading font information for U+msb on input line 50.

(c:/w32tex/share/texmf-dist/tex/latex/amsfonts/umsb.fd
File: umsb.fd 2013/01/14 v3.01 AMS symbols B
)
LaTeX Font Info:    Font shape `JT1/mc/bx/n' in size <14.4> not available
(Font)              Font shape `JT1/gt/m/n' tried instead on input line 53.
LaTeX Font Info:    Font shape `JY1/mc/bx/n' in size <14.4> not available
(Font)              Font shape `JY1/gt/m/n' tried instead on input line 53.
 (./honron.toc
LaTeX Font Info:    Font shape `JT1/mc/bx/n' in size <10.95> not available
(Font)              Font shape `JT1/gt/m/n' tried instead on input line 1.
LaTeX Font Info:    Font shape `JY1/mc/bx/n' in size <10.95> not available
(Font)              Font shape `JY1/gt/m/n' tried instead on input line 1.
)
\tf@toc=\write4
\openout4 = `honron.toc'.


(./honron.lof)
\tf@lof=\write5
\openout5 = `honron.lof'.

 [1

] (./honron.lot)
\tf@lot=\write6
\openout6 = `honron.lot'.

 [2]
LaTeX Font Info:    Font shape `JT1/mc/bx/n' in size <12> not available
(Font)              Font shape `JT1/gt/m/n' tried instead on input line 78.
LaTeX Font Info:    Font shape `JY1/mc/bx/n' in size <12> not available
(Font)              Font shape `JY1/gt/m/n' tried instead on input line 78.
File: data/sample_False.png Graphic file (type bmp)
<data/sample_False.png>

Overfull \hbox (3.46396pt too wide) in paragraph at lines 87--88
 [] 
 []

File: data/sample_True.png Graphic file (type bmp)
<data/sample_True.png>

Overfull \hbox (3.46396pt too wide) in paragraph at lines 93--94
 [] 
 []


Overfull \hbox (7.91907pt too wide) in paragraph at lines 83--97
[][][][] 
 []

[1

]
File: data/sample_symmetry.png Graphic file (type bmp)
<data/sample_symmetry.png>
File: data/sample_asymmetry.png Graphic file (type bmp)
<data/sample_asymmetry.png>
File: data/sample_bimodal.png Graphic file (type bmp)
<data/sample_bimodal.png>

Underfull \hbox (badness 1354) in paragraph at lines 144--144
[]\JY1/mc/m/n/10.95 図 \OT1/cmr/m/n/10.95 3.2: $\OML/cmm/b/it/10.95 ^^V \OT1/cm
r/m/n/10.95 = [] \OML/cmm/m/it/10.95 ; \OT1/cmr/m/n/10.95 ^^F = []$ \JY1/mc/m/n
/10.95 とした場合の対称な射影正規分布 \OT1/cmr/m/n/10.95 (\JY1/mc/m/n/10.95 左\
OT1/cmr/m/n/10.95 ), $\OML/cmm/b/it/10.95 ^^V \OT1/cmr/m/n/10.95 =
 []

[2] [3] [4]
Overfull \hbox (12.65012pt too wide) in paragraph at lines 268--269
[]\JY1/mc/m/n/10.95 ユニ ッ ト数 $\OML/cmm/m/it/10.95 m \OT1/cmr/m/n/10.95 = 4$
, \JY1/mc/m/n/10.95 角度 $\OML/cmm/m/it/10.95 ^^R \OT1/cmr/m/n/10.95 = []$, \JY
1/mc/m/n/10.95 パラメ ータ $\OML/cmm/m/it/10.95 ^^T \OT1/cmr/m/n/10.95 = (2\OML
/cmm/m/it/10.95 ; \OT1/cmr/m/n/10.95 10\OML/cmm/m/it/10.95 ; \OT1/cmr/m/n/10.95
 5\OML/cmm/m/it/10.95 ; \OT1/cmr/m/n/10.95 15)$, \JY1/mc/m/n/10.95 混合比率 $\O
T1/cmr/m/n/10.95 (0\OML/cmm/m/it/10.95 :\OT1/cmr/m/n/10.95 4\OML/cmm/m/it/10.95
 ; \OT1/cmr/m/n/10.95 0\OML/cmm/m/it/10.95 :\OT1/cmr/m/n/10.95 2\OML/cmm/m/it/1
0.95 ; \OT1/cmr/m/n/10.95 0\OML/cmm/m/it/10.95 :\OT1/cmr/m/n/10.95 3\OML/cmm/m/
it/10.95 ; \OT1/cmr/m/n/10.95 0\OML/cmm/m/it/10.95 :\OT1/cmr/m/n/10.95 1)$
 []

File: data/mix_test_data.png Graphic file (type bmp)
<data/mix_test_data.png>
[5]
File: data/mix_pn.png Graphic file (type bmp)
<data/mix_pn.png>
File: data/mix_von.png Graphic file (type bmp)
<data/mix_von.png>

Overfull \hbox (8.7236pt too wide) in paragraph at lines 285--303
[][][][] 
 []

[6] [7] (./honron.bbl

Package natbib Warning: Empty `thebibliography' environment on input line 24.

) [8] (./honron.aux) ) 
Here is how much of TeX's memory you used:
 3383 strings out of 493628
 43960 string characters out of 6150204
 121143 words of memory out of 5000000
 6912 multiletter control sequences out of 15000+600000
 21805 words of font info for 85 fonts, out of 8000000 for 9000
 929 hyphenation exceptions out of 8191
 27i,17n,32p,1264b,468s stack positions out of 5000i,500n,10000p,500000b,80000s

Output written on honron.dvi (10 pages, 32440 bytes).
